<?xml version="1.0" encoding="UTF-8"?>
<!-- Generated by org.testng.reporters.JUnitXMLReporter -->
<testsuite ignored="0" hostname="TIBCO-R913PSR4" failures="0" tests="4" name="Default test" time="12.288" errors="0" timestamp="2024-01-09T14:53:35 IST">
  <testcase classname="com.api.tests.bookertest" name="createbookingtest" time="4.188"/>
  <testcase classname="com.api.tests.bookertest" name="updatebookingtest" time="2.551"/>
  <testcase classname="com.api.tests.bookertest" name="getbookertest" time="1.255"/>
  <testcase classname="com.api.tests.bookertest" name="deletebookingtest" time="2.567"/>
</testsuite> <!-- Default test -->
